modules/incoming-call/android/build/intermediates/manifest_merge_blame_file/debug/processDebugManifest/manifest-merger-blame-debug-report.txt
1<?xml version="1.0" encoding="utf-8"?>
2<manifest xmlns:android="http://schemas.android.com/apk/res/android"
3    package="expo.modules.incomingcall" >
4
5    <uses-sdk android:minSdkVersion="24" />
6
7    <uses-permission android:name="android.permission.POST_NOTIFICATIONS" />
7-->src/main/AndroidManifest.xml:2:3-75
7-->src/main/AndroidManifest.xml:2:20-72
8    <uses-permission android:name="android.permission.USE_FULL_SCREEN_INTENT" />
8-->src/main/AndroidManifest.xml:3:3-79
8-->src/main/AndroidManifest.xml:3:20-76
9    <uses-permission android:name="android.permission.WAKE_LOCK" />
9-->src/main/AndroidManifest.xml:4:3-66
9-->src/main/AndroidManifest.xml:4:20-63
10    <uses-permission android:name="android.permission.VIBRATE" />
10-->src/main/AndroidManifest.xml:5:3-64
10-->src/main/AndroidManifest.xml:5:20-61
11    <uses-permission android:name="android.permission.TURN_SCREEN_ON" />
11-->src/main/AndroidManifest.xml:6:3-71
11-->src/main/AndroidManifest.xml:6:20-68
12    <uses-permission android:name="android.permission.DISABLE_KEYGUARD" />
12-->src/main/AndroidManifest.xml:7:3-73
12-->src/main/AndroidManifest.xml:7:20-70
13    <uses-permission android:name="android.permission.INTERNET" />
13-->src/main/AndroidManifest.xml:8:3-65
13-->src/main/AndroidManifest.xml:8:20-62
14    <uses-permission android:name="android.permission.FOREGROUND_SERVICE" />
14-->src/main/AndroidManifest.xml:9:3-75
14-->src/main/AndroidManifest.xml:9:20-72
15    <uses-permission android:name="android.permission.FOREGROUND_SERVICE_MICROPHONE" />
15-->src/main/AndroidManifest.xml:10:3-86
15-->src/main/AndroidManifest.xml:10:20-83
16    <uses-permission android:name="android.permission.FOREGROUND_SERVICE_CAMERA" />
16-->src/main/AndroidManifest.xml:11:3-82
16-->src/main/AndroidManifest.xml:11:20-79
17    <uses-permission android:name="android.permission.FOREGROUND_SERVICE_MEDIA_PLAYBACK" />
17-->src/main/AndroidManifest.xml:12:3-90
17-->src/main/AndroidManifest.xml:12:20-87
18    <uses-permission android:name="android.permission.RECEIVE_BOOT_COMPLETED" />
18-->src/main/AndroidManifest.xml:13:3-79
18-->src/main/AndroidManifest.xml:13:20-76
19
20    <application>
20-->src/main/AndroidManifest.xml:15:3-38:17
21        <receiver
21-->src/main/AndroidManifest.xml:16:5-23:16
22            android:name="expo.modules.incomingcall.IncomingCallActionReceiver"
22-->src/main/AndroidManifest.xml:17:7-49
23            android:exported="false" >
23-->src/main/AndroidManifest.xml:18:7-31
24            <intent-filter>
24-->src/main/AndroidManifest.xml:19:7-22:23
25                <action android:name="expo.modules.incomingcall.ACTION_ACCEPT" />
25-->src/main/AndroidManifest.xml:20:9-74
25-->src/main/AndroidManifest.xml:20:17-71
26                <action android:name="expo.modules.incomingcall.ACTION_DECLINE" />
26-->src/main/AndroidManifest.xml:21:9-75
26-->src/main/AndroidManifest.xml:21:17-72
27            </intent-filter>
28        </receiver>
29
30        <service
30-->src/main/AndroidManifest.xml:25:5-28:73
31            android:name="expo.modules.incomingcall.OngoingCallService"
31-->src/main/AndroidManifest.xml:26:7-41
32            android:exported="false"
32-->src/main/AndroidManifest.xml:27:7-31
33            android:foregroundServiceType="camera|microphone|mediaPlayback" />
33-->src/main/AndroidManifest.xml:28:7-70
34        <service
34-->src/main/AndroidManifest.xml:30:5-37:15
35            android:name="expo.modules.incomingcall.IncomingCallFirebaseMessagingService"
35-->src/main/AndroidManifest.xml:31:7-59
36            android:directBootAware="true"
36-->src/main/AndroidManifest.xml:33:7-37
37            android:exported="false" >
37-->src/main/AndroidManifest.xml:32:7-31
38            <intent-filter android:priority="1000" >
38-->src/main/AndroidManifest.xml:34:7-36:23
38-->src/main/AndroidManifest.xml:34:22-45
39                <action android:name="com.google.firebase.MESSAGING_EVENT" />
39-->src/main/AndroidManifest.xml:35:9-70
39-->src/main/AndroidManifest.xml:35:17-67
40            </intent-filter>
41        </service>
42    </application>
43
44</manifest>